[debug] [2025-05-06T13:03:06.979Z] ----------------------------------------------------------------------
[debug] [2025-05-06T13:03:06.983Z] Command:       /nix/store/ixbb20farqh1f4fqbmsn6b1ixn8mc8ij-nodejs-20.18.1/bin/node /nix/store/2hcj03cjp58srs65hbp2izdb5v2r1cvc-firebase-tools-14.2.2/lib/node_modules/firebase-tools/lib/bin/firebase.js init hosting
[debug] [2025-05-06T13:03:06.984Z] CLI Version:   14.2.2
[debug] [2025-05-06T13:03:06.984Z] Platform:      linux
[debug] [2025-05-06T13:03:06.985Z] Node Version:  v20.18.1
[debug] [2025-05-06T13:03:06.985Z] Time:          Tue May 06 2025 13:03:06 GMT+0000 (Coordinated Universal Time)
[debug] [2025-05-06T13:03:06.985Z] ----------------------------------------------------------------------
[debug] 
[debug] [2025-05-06T13:03:06.989Z] >>> [apiv2][query] GET https://firebase-public.firebaseio.com/cli.json [none]
[debug] [2025-05-06T13:03:07.178Z] > command requires scopes: ["email","openid","https://www.googleapis.com/auth/cloudplatformprojects.readonly","https://www.googleapis.com/auth/firebase","https://www.googleapis.com/auth/cloud-platform"]
[debug] [2025-05-06T13:03:07.535Z] <<< [apiv2][status] GET https://firebase-public.firebaseio.com/cli.json 200
[debug] [2025-05-06T13:03:07.543Z] <<< [apiv2][body] GET https://firebase-public.firebaseio.com/cli.json {"cloudBuildErrorAfter":1594252800000,"cloudBuildWarnAfter":1590019200000,"defaultNode10After":1594252800000,"minVersion":"3.0.5","node8DeploysDisabledAfter":1613390400000,"node8RuntimeDisabledAfter":1615809600000,"node8WarnAfter":1600128000000}
[debug] [2025-05-06T13:03:28.610Z] Running auto auth
[info] 
     ######## #### ########  ######## ########     ###     ######  ########
     ##        ##  ##     ## ##       ##     ##  ##   ##  ##       ##
     ######    ##  ########  ######   ########  #########  ######  ######
     ##        ##  ##    ##  ##       ##     ## ##     ##       ## ##
     ##       #### ##     ## ######## ########  ##     ##  ######  ########

You're about to initialize a Firebase project in this directory:

  /home/user/studio

[info] 
=== Project Setup
[info] 
[info] First, let's associate this project directory with a Firebase project.
[info] You can create multiple project aliases by running firebase use --add, 
[info] but for now we'll just set up a default project.
[info] 
